[2024-08-14 12:40:49,554: INFO: main: custom log is started]
[2024-08-14 15:16:10,870: INFO: common: yaml file: config\config.yaml loaded successfully]
[2024-08-14 15:16:10,872: INFO: common: yaml file: params.yaml loaded successfully]
[2024-08-14 15:16:10,875: INFO: common: created directory at: artifacts]
[2024-08-14 15:16:10,877: INFO: common: created directory at: artifacts/data_ingestion]
[2024-08-14 15:16:10,878: INFO: 986331348: Downloading data from https://drive.google.com/file/d/1rwo4NcbUtSiRE6odjr8Xdu34zAYpGclA/view?usp=sharing into file artifacts/data_ingestion/data.zip]
[2024-08-14 15:16:41,075: INFO: 986331348: Downloaded data from https://drive.google.com/file/d/1rwo4NcbUtSiRE6odjr8Xdu34zAYpGclA/view?usp=sharing into file artifacts/data_ingestion/data.zip]
[2024-08-14 15:47:57,081: INFO: main: >>>>>> stage Data Ingestion stage started <<<<<<]
[2024-08-14 15:47:57,082: INFO: common: yaml file: config\config.yaml loaded successfully]
[2024-08-14 15:47:57,082: INFO: common: yaml file: params.yaml loaded successfully]
[2024-08-14 15:47:57,082: INFO: common: created directory at: artifacts]
[2024-08-14 15:47:57,082: INFO: common: created directory at: artifacts/data_ingestion]
[2024-08-14 15:47:57,084: INFO: data_ingestion: Downloading data from https://drive.google.com/file/d/1rwo4NcbUtSiRE6odjr8Xdu34zAYpGclA/view?usp=sharing into file artifacts/data_ingestion/data.zip]
[2024-08-14 15:48:24,811: INFO: data_ingestion: Downloaded data from https://drive.google.com/file/d/1rwo4NcbUtSiRE6odjr8Xdu34zAYpGclA/view?usp=sharing into file artifacts/data_ingestion/data.zip]
[2024-08-14 15:48:40,287: INFO: main: >>>>>> stage Data Ingestion stage completed <<<<<<

x==========x]
[2024-08-14 15:56:58,237: INFO: main: >>>>>> stage Data Ingestion stage started <<<<<<]
[2024-08-14 15:56:58,241: INFO: common: yaml file: config\config.yaml loaded successfully]
[2024-08-14 15:56:58,242: INFO: common: yaml file: params.yaml loaded successfully]
[2024-08-14 15:56:58,247: INFO: common: created directory at: artifacts]
[2024-08-14 15:56:58,248: INFO: common: created directory at: artifacts/data_ingestion]
[2024-08-14 15:56:58,252: INFO: data_ingestion: Downloading data from https://drive.google.com/file/d/1rwo4NcbUtSiRE6odjr8Xdu34zAYpGclA/view?usp=sharing into file artifacts/data_ingestion/data.zip]
[2024-08-14 15:57:22,389: INFO: data_ingestion: Downloaded data from https://drive.google.com/file/d/1rwo4NcbUtSiRE6odjr8Xdu34zAYpGclA/view?usp=sharing into file artifacts/data_ingestion/data.zip]
[2024-08-14 15:57:37,532: INFO: main: >>>>>> stage Data Ingestion stage completed <<<<<<

x==========x]
[2024-08-14 18:52:08,789: INFO: common: yaml file: config\config.yaml loaded successfully]
[2024-08-14 18:52:08,794: INFO: common: yaml file: params.yaml loaded successfully]
[2024-08-14 18:52:08,798: INFO: common: created directory at: artifacts]
[2024-08-14 18:52:08,802: INFO: common: created directory at: artifacts/prepare_base_model]
[2024-08-14 18:52:12,184: WARNING: saving_utils: Compiled the loaded model, but the compiled metrics have yet to be built. `model.compile_metrics` will be empty until you train or evaluate the model.]
[2024-08-14 21:30:21,896: INFO: main: >>>>>> stage Data Ingestion stage started <<<<<<]
[2024-08-14 21:30:21,898: INFO: common: yaml file: config\config.yaml loaded successfully]
[2024-08-14 21:30:21,900: INFO: common: yaml file: params.yaml loaded successfully]
[2024-08-14 21:30:21,901: INFO: common: created directory at: artifacts]
[2024-08-14 21:30:21,901: INFO: common: created directory at: artifacts/data_ingestion]
[2024-08-14 21:30:21,902: INFO: data_ingestion: Downloading data from https://drive.google.com/file/d/1rwo4NcbUtSiRE6odjr8Xdu34zAYpGclA/view?usp=sharing into file artifacts/data_ingestion/data.zip]
[2024-08-14 21:30:43,893: INFO: data_ingestion: Downloaded data from https://drive.google.com/file/d/1rwo4NcbUtSiRE6odjr8Xdu34zAYpGclA/view?usp=sharing into file artifacts/data_ingestion/data.zip]
[2024-08-14 21:30:55,362: INFO: main: >>>>>> stage Data Ingestion stage completed <<<<<<

x==========x]
[2024-08-14 21:33:54,659: INFO: main: >>>>>> stage Data Ingestion stage started <<<<<<]
[2024-08-14 21:33:54,661: INFO: common: yaml file: config\config.yaml loaded successfully]
[2024-08-14 21:33:54,664: INFO: common: yaml file: params.yaml loaded successfully]
[2024-08-14 21:33:54,664: INFO: common: created directory at: artifacts]
[2024-08-14 21:33:54,666: INFO: common: created directory at: artifacts/data_ingestion]
[2024-08-14 21:33:54,666: INFO: data_ingestion: Downloading data from https://drive.google.com/file/d/1rwo4NcbUtSiRE6odjr8Xdu34zAYpGclA/view?usp=sharing into file artifacts/data_ingestion/data.zip]
[2024-08-14 21:34:24,517: INFO: data_ingestion: Downloaded data from https://drive.google.com/file/d/1rwo4NcbUtSiRE6odjr8Xdu34zAYpGclA/view?usp=sharing into file artifacts/data_ingestion/data.zip]
[2024-08-14 21:34:35,753: INFO: main: >>>>>> stage Data Ingestion stage completed <<<<<<

x==========x]
[2024-08-14 21:34:35,754: INFO: main: >>>>>> stage Prepare base model started <<<<<<]
[2024-08-14 21:34:35,756: INFO: common: yaml file: config\config.yaml loaded successfully]
[2024-08-14 21:34:35,758: INFO: common: yaml file: params.yaml loaded successfully]
[2024-08-14 21:34:35,759: INFO: common: created directory at: artifacts]
[2024-08-14 21:34:35,759: INFO: common: created directory at: artifacts/prepare_base_model]
[2024-08-14 21:34:36,284: WARNING: saving_utils: Compiled the loaded model, but the compiled metrics have yet to be built. `model.compile_metrics` will be empty until you train or evaluate the model.]
[2024-08-14 21:34:36,548: INFO: main: >>>>>> stage Prepare base model completed <<<<<<

x==========x]
[2024-08-14 22:44:47,676: INFO: common: yaml file: config\config.yaml loaded successfully]
[2024-08-14 22:44:47,680: INFO: common: yaml file: params.yaml loaded successfully]
[2024-08-14 22:44:47,681: INFO: common: created directory at: artifacts]
[2024-08-14 22:45:43,771: INFO: common: yaml file: config\config.yaml loaded successfully]
[2024-08-14 22:45:43,776: INFO: common: yaml file: params.yaml loaded successfully]
[2024-08-14 22:45:43,780: INFO: common: created directory at: artifacts]
[2024-08-14 22:47:37,492: INFO: common: yaml file: config\config.yaml loaded successfully]
[2024-08-14 22:47:37,498: INFO: common: yaml file: params.yaml loaded successfully]
[2024-08-14 22:47:37,500: INFO: common: created directory at: artifacts]
[2024-08-14 22:47:37,504: INFO: common: created directory at: artifacts\training]
[2024-08-14 22:50:00,964: INFO: common: yaml file: config\config.yaml loaded successfully]
[2024-08-14 22:50:00,966: INFO: common: yaml file: params.yaml loaded successfully]
[2024-08-14 22:50:00,967: INFO: common: created directory at: artifacts]
[2024-08-14 22:50:00,968: INFO: common: created directory at: artifacts/data_ingestion]
[2024-08-14 22:50:00,969: INFO: 986331348: Downloading data from https://drive.google.com/file/d/1rwo4NcbUtSiRE6odjr8Xdu34zAYpGclA/view?usp=sharing into file artifacts/data_ingestion/data.zip]
[2024-08-14 22:50:27,526: INFO: 986331348: Downloaded data from https://drive.google.com/file/d/1rwo4NcbUtSiRE6odjr8Xdu34zAYpGclA/view?usp=sharing into file artifacts/data_ingestion/data.zip]
[2024-08-14 23:04:44,016: INFO: main: >>>>>> stage Data Ingestion stage started <<<<<<]
[2024-08-14 23:04:44,018: INFO: common: yaml file: config\config.yaml loaded successfully]
[2024-08-14 23:04:44,019: INFO: common: yaml file: params.yaml loaded successfully]
[2024-08-14 23:04:44,020: INFO: common: created directory at: artifacts]
[2024-08-14 23:04:44,021: INFO: common: created directory at: artifacts/data_ingestion]
[2024-08-14 23:04:44,022: INFO: data_ingestion: Downloading data from https://drive.google.com/file/d/1b-DhjuZTym5kjwC3vewDOO7nHUI2EBnH/view?usp=sharing into file artifacts/data_ingestion/data.zip]
[2024-08-14 23:05:08,759: INFO: data_ingestion: Downloaded data from https://drive.google.com/file/d/1b-DhjuZTym5kjwC3vewDOO7nHUI2EBnH/view?usp=sharing into file artifacts/data_ingestion/data.zip]
[2024-08-14 23:05:19,821: INFO: main: >>>>>> stage Data Ingestion stage completed <<<<<<

x==========x]
[2024-08-14 23:05:19,822: INFO: main: >>>>>> stage Prepare base model started <<<<<<]
[2024-08-14 23:05:19,824: INFO: common: yaml file: config\config.yaml loaded successfully]
[2024-08-14 23:05:19,826: INFO: common: yaml file: params.yaml loaded successfully]
[2024-08-14 23:05:19,828: INFO: common: created directory at: artifacts]
[2024-08-14 23:05:19,829: INFO: common: created directory at: artifacts/prepare_base_model]
[2024-08-14 23:05:20,683: WARNING: saving_utils: Compiled the loaded model, but the compiled metrics have yet to be built. `model.compile_metrics` will be empty until you train or evaluate the model.]
[2024-08-14 23:05:21,111: INFO: main: >>>>>> stage Prepare base model completed <<<<<<

x==========x]
[2024-08-14 23:12:54,186: INFO: common: yaml file: config\config.yaml loaded successfully]
[2024-08-14 23:12:54,190: INFO: common: yaml file: params.yaml loaded successfully]
[2024-08-14 23:12:54,193: INFO: common: created directory at: artifacts]
[2024-08-14 23:12:54,199: INFO: common: created directory at: artifacts\training]
[2024-08-15 15:52:08,585: INFO: common: yaml file: config\config.yaml loaded successfully]
[2024-08-15 15:52:08,594: INFO: common: yaml file: params.yaml loaded successfully]
[2024-08-15 15:52:08,598: INFO: common: created directory at: artifacts]
[2024-08-15 15:58:59,579: INFO: common: json file saved at: scores.json]
[2024-08-15 15:59:03,084: WARNING: save: Found untraced functions such as _jit_compiled_convolution_op, _jit_compiled_convolution_op, _jit_compiled_convolution_op, _jit_compiled_convolution_op, _jit_compiled_convolution_op while saving (showing 5 of 14). These functions will not be directly callable after loading.]
[2024-08-15 15:59:04,000: INFO: builder_impl: Assets written to: C:\Users\Lanegama\AppData\Local\Temp\tmp9i2s2qrg\model\data\model\assets]
[2024-08-15 16:25:03,579: INFO: main: >>>>>> stage Data Ingestion stage started <<<<<<]
[2024-08-15 16:25:03,581: INFO: common: yaml file: config\config.yaml loaded successfully]
[2024-08-15 16:25:03,583: INFO: common: yaml file: params.yaml loaded successfully]
[2024-08-15 16:25:03,583: INFO: common: created directory at: artifacts]
[2024-08-15 16:25:03,584: INFO: common: created directory at: artifacts/data_ingestion]
[2024-08-15 16:25:03,584: INFO: data_ingestion: Downloading data from https://drive.google.com/file/d/1b-DhjuZTym5kjwC3vewDOO7nHUI2EBnH/view?usp=sharing into file artifacts/data_ingestion/data.zip]
[2024-08-15 16:25:39,670: INFO: data_ingestion: Downloaded data from https://drive.google.com/file/d/1b-DhjuZTym5kjwC3vewDOO7nHUI2EBnH/view?usp=sharing into file artifacts/data_ingestion/data.zip]
[2024-08-15 16:25:56,898: INFO: main: >>>>>> stage Data Ingestion stage completed <<<<<<

x==========x]
[2024-08-15 16:25:56,898: INFO: main: >>>>>> stage Prepare base model started <<<<<<]
[2024-08-15 16:25:56,900: INFO: common: yaml file: config\config.yaml loaded successfully]
[2024-08-15 16:25:56,902: INFO: common: yaml file: params.yaml loaded successfully]
[2024-08-15 16:25:56,902: INFO: common: created directory at: artifacts]
[2024-08-15 16:25:56,903: INFO: common: created directory at: artifacts/prepare_base_model]
[2024-08-15 16:25:57,908: WARNING: saving_utils: Compiled the loaded model, but the compiled metrics have yet to be built. `model.compile_metrics` will be empty until you train or evaluate the model.]
[2024-08-15 16:25:58,500: INFO: main: >>>>>> stage Prepare base model completed <<<<<<

x==========x]
[2024-08-15 16:25:58,502: INFO: main: *******************]
[2024-08-15 16:25:58,502: INFO: main: >>>>>> stage Training started <<<<<<]
[2024-08-15 16:25:58,505: INFO: common: yaml file: config\config.yaml loaded successfully]
[2024-08-15 16:25:58,507: INFO: common: yaml file: params.yaml loaded successfully]
[2024-08-15 16:25:58,508: INFO: common: created directory at: artifacts]
[2024-08-15 16:25:58,509: INFO: common: created directory at: artifacts\training]
[2024-08-15 21:22:55,661: INFO: stage_01_data_ingestion: >>>>>> stage Data Ingestion Stage started <<<<<<]
[2024-08-15 21:22:55,664: INFO: common: yaml file: config\config.yaml loaded successfully]
[2024-08-15 21:22:55,665: INFO: common: yaml file: params.yaml loaded successfully]
[2024-08-15 21:22:55,666: INFO: common: created directory at: artifacts]
[2024-08-15 21:22:55,667: INFO: common: created directory at: artifacts/data_ingestion]
[2024-08-15 21:22:55,668: INFO: data_ingestion: Downloading data from https://drive.google.com/file/d/1b-DhjuZTym5kjwC3vewDOO7nHUI2EBnH/view?usp=sharing into file artifacts/data_ingestion/data.zip]
[2024-08-15 21:23:30,911: INFO: data_ingestion: Downloaded data from https://drive.google.com/file/d/1b-DhjuZTym5kjwC3vewDOO7nHUI2EBnH/view?usp=sharing into file artifacts/data_ingestion/data.zip]
[2024-08-15 21:23:42,947: INFO: stage_01_data_ingestion: >>>>>> stage Data Ingestion Stage completed <<<<<<

x==========x]
[2024-08-15 21:24:38,072: INFO: stage_02_prepare_base_model: >>>>>> stage Prepare base model started <<<<<<]
[2024-08-15 21:24:38,080: INFO: common: yaml file: config\config.yaml loaded successfully]
[2024-08-15 21:24:38,082: INFO: common: yaml file: params.yaml loaded successfully]
[2024-08-15 21:24:38,083: INFO: common: created directory at: artifacts]
[2024-08-15 21:24:38,086: INFO: common: created directory at: artifacts/prepare_base_model]
[2024-08-15 21:24:38,637: WARNING: saving_utils: Compiled the loaded model, but the compiled metrics have yet to be built. `model.compile_metrics` will be empty until you train or evaluate the model.]
[2024-08-15 21:24:38,957: INFO: stage_02_prepare_base_model: >>>>>> stage Prepare base model completed <<<<<<

x==========x]
[2024-08-15 21:26:44,906: INFO: stage_03_model_training: *******************]
[2024-08-15 21:26:44,907: INFO: stage_03_model_training: >>>>>> stage Training started <<<<<<]
[2024-08-15 21:26:44,908: INFO: common: yaml file: config\config.yaml loaded successfully]
[2024-08-15 21:26:44,910: INFO: common: yaml file: params.yaml loaded successfully]
[2024-08-15 21:26:44,910: INFO: common: created directory at: artifacts]
[2024-08-15 21:26:44,911: INFO: common: created directory at: artifacts\training]
[2024-08-15 21:52:40,850: INFO: main: >>>>>> stage Data Ingestion stage started <<<<<<]
[2024-08-15 21:52:40,852: INFO: common: yaml file: config\config.yaml loaded successfully]
[2024-08-15 21:52:40,854: INFO: common: yaml file: params.yaml loaded successfully]
[2024-08-15 21:52:40,855: INFO: common: created directory at: artifacts]
[2024-08-15 21:52:40,855: INFO: common: created directory at: artifacts/data_ingestion]
[2024-08-15 21:52:40,856: INFO: data_ingestion: Downloading data from https://drive.google.com/file/d/1b-DhjuZTym5kjwC3vewDOO7nHUI2EBnH/view?usp=sharing into file artifacts/data_ingestion/data.zip]
[2024-08-15 21:52:54,648: INFO: _internal: [31m[1mWARNING: This is a development server. Do not use it in a production deployment. Use a production WSGI server instead.[0m
 * Running on all addresses (0.0.0.0)
 * Running on http://127.0.0.1:8080
 * Running on http://192.168.1.154:8080]
[2024-08-15 21:52:54,651: INFO: _internal: [33mPress CTRL+C to quit[0m]
[2024-08-15 21:53:28,391: INFO: _internal: 127.0.0.1 - - [15/Aug/2024 21:53:28] "GET / HTTP/1.1" 200 -]
[2024-08-15 21:55:02,564: INFO: _internal: 127.0.0.1 - - [15/Aug/2024 21:55:02] "GET / HTTP/1.1" 200 -]
[2024-08-15 21:55:27,665: ERROR: app: Exception on /predict [POST]]
Traceback (most recent call last):
  File "C:\Users\Lanegama\Disease-Classification\venv\Lib\site-packages\flask\app.py", line 2190, in wsgi_app
    response = self.full_dispatch_request()
               ^^^^^^^^^^^^^^^^^^^^^^^^^^^^
  File "C:\Users\Lanegama\Disease-Classification\venv\Lib\site-packages\flask\app.py", line 1486, in full_dispatch_request
    rv = self.handle_user_exception(e)
         ^^^^^^^^^^^^^^^^^^^^^^^^^^^^^
  File "C:\Users\Lanegama\Disease-Classification\venv\Lib\site-packages\flask_cors\extension.py", line 178, in wrapped_function
    return cors_after_request(app.make_response(f(*args, **kwargs)))
                                                ^^^^^^^^^^^^^^^^^^
  File "C:\Users\Lanegama\Disease-Classification\venv\Lib\site-packages\flask\app.py", line 1484, in full_dispatch_request
    rv = self.dispatch_request()
         ^^^^^^^^^^^^^^^^^^^^^^^
  File "C:\Users\Lanegama\Disease-Classification\venv\Lib\site-packages\flask\app.py", line 1469, in dispatch_request
    return self.ensure_sync(self.view_functions[rule.endpoint])(**view_args)
           ^^^^^^^^^^^^^^^^^^^^^^^^^^^^^^^^^^^^^^^^^^^^^^^^^^^^^^^^^^^^^^^^^
  File "C:\Users\Lanegama\Disease-Classification\venv\Lib\site-packages\flask_cors\decorator.py", line 130, in wrapped_function
    resp = make_response(f(*args, **kwargs))
                         ^^^^^^^^^^^^^^^^^^
  File "C:\Users\Lanegama\Disease-Classification\app.py", line 44, in predictRoute
    result = clApp.classifier.predict()
             ^^^^^^^^^^^^^^^^^^^^^^^^^^
  File "C:\Users\Lanegama\Disease-Classification\src\cnnClassifier\pipeline\prediction.py", line 15, in predict
    model = load_model(os.path.join("model", "model.h5"))
            ^^^^^^^^^^^^^^^^^^^^^^^^^^^^^^^^^^^^^^^^^^^^^
  File "C:\Users\Lanegama\Disease-Classification\venv\Lib\site-packages\keras\saving\saving_api.py", line 212, in load_model
    return legacy_sm_saving_lib.load_model(
           ^^^^^^^^^^^^^^^^^^^^^^^^^^^^^^^^
  File "C:\Users\Lanegama\Disease-Classification\venv\Lib\site-packages\keras\utils\traceback_utils.py", line 70, in error_handler
    raise e.with_traceback(filtered_tb) from None
  File "C:\Users\Lanegama\Disease-Classification\venv\Lib\site-packages\keras\saving\legacy\save.py", line 230, in load_model
    raise IOError(
OSError: No file or directory found at model\model.h5
[2024-08-15 21:55:27,685: INFO: _internal: 127.0.0.1 - - [15/Aug/2024 21:55:27] "[35m[1mPOST /predict HTTP/1.1[0m" 500 -]
